0 info it worked if it ends with ok
1 verbose cli [ 'C:\\Program Files (x86)\\nodejs\\node.exe',
1 verbose cli   'C:\\Program Files (x86)\\nodejs\\node_modules\\npm\\bin\\npm-cli.js',
1 verbose cli   'run',
1 verbose cli   'web-nano' ]
2 info using npm@3.10.10
3 info using node@v6.10.0
4 verbose run-script [ 'preweb-nano', 'web-nano', 'postweb-nano' ]
5 info lifecycle pcis@0.0.1~preweb-nano: pcis@0.0.1
6 silly lifecycle pcis@0.0.1~preweb-nano: no script for preweb-nano, continuing
7 info lifecycle pcis@0.0.1~web-nano: pcis@0.0.1
8 verbose lifecycle pcis@0.0.1~web-nano: unsafe-perm in lifecycle true
9 verbose lifecycle pcis@0.0.1~web-nano: PATH: C:\Program Files (x86)\nodejs\node_modules\npm\bin\node-gyp-bin;D:\Project PCIS\PCIS v1.2.0\node_modules\.bin;C:\ProgramData\Oracle\Java\javapath;C:\Program Files (x86)\Intel\iCLS Client\;C:\Program Files\Intel\iCLS Client\;C:\Windows\system32;C:\Windows;C:\Windows\System32\Wbem;C:\Windows\System32\WindowsPowerShell\v1.0\;C:\Program Files (x86)\Intel\Intel(R) Management Engine Components\DAL;C:\Program Files\Intel\Intel(R) Management Engine Components\DAL;C:\Program Files (x86)\Intel\Intel(R) Management Engine Components\IPT;C:\Program Files\Intel\Intel(R) Management Engine Components\IPT;C:\Program Files (x86)\IBM\Client Access\Emulator;C:\Program Files (x86)\IBM\Client Access\Shared;C:\Program Files (x86)\IBM\Client Access\;C:\Program Files (x86)\nodejs\;C:\Program Files (x86)\Microsoft SQL Server\Client SDK\ODBC\110\Tools\Binn\;C:\Program Files (x86)\Microsoft SQL Server\120\Tools\Binn\ManagementStudio\;C:\Program Files (x86)\Microsoft SQL Server\120\Tools\Binn\;C:\Program Files (x86)\Microsoft SQL Server\120\DTS\Binn\;C:\Windows\system32\config\systemprofile\.dnx\bin;C:\Program Files\Microsoft DNX\Dnvm\;C:\Program Files\Microsoft SQL Server\120\Tools\Binn\;C:\Program Files\Microsoft SQL Server\130\Tools\Binn\;C:\Program Files\Git\cmd;C:\Program Files\Microsoft\Web Platform Installer\;C:\Users\t58385\AppData\Local\Microsoft\WindowsApps;C:\Users\t58385\AppData\Roaming\npm;C:\Program Files (x86)\Microsoft VS Code\bin;C:\Users\t58385\AppData\Local\atom\bin
10 verbose lifecycle pcis@0.0.1~web-nano: CWD: D:\Project PCIS\PCIS v1.2.0
11 silly lifecycle pcis@0.0.1~web-nano: Args: [ '/d /s /c',
11 silly lifecycle   'webpack-dev-server --config ui/webpack/webpack.config.nano.js' ]
12 silly lifecycle pcis@0.0.1~web-nano: Returned: code: 3221225786  signal: null
13 info lifecycle pcis@0.0.1~web-nano: Failed to exec web-nano script
14 verbose stack Error: pcis@0.0.1 web-nano: `webpack-dev-server --config ui/webpack/webpack.config.nano.js`
14 verbose stack Exit status 3221225786
14 verbose stack     at EventEmitter.<anonymous> (C:\Program Files (x86)\nodejs\node_modules\npm\lib\utils\lifecycle.js:255:16)
14 verbose stack     at emitTwo (events.js:106:13)
14 verbose stack     at EventEmitter.emit (events.js:191:7)
14 verbose stack     at ChildProcess.<anonymous> (C:\Program Files (x86)\nodejs\node_modules\npm\lib\utils\spawn.js:40:14)
14 verbose stack     at emitTwo (events.js:106:13)
14 verbose stack     at ChildProcess.emit (events.js:191:7)
14 verbose stack     at maybeClose (internal/child_process.js:877:16)
14 verbose stack     at Process.ChildProcess._handle.onexit (internal/child_process.js:226:5)
15 verbose pkgid pcis@0.0.1
16 verbose cwd D:\Project PCIS\PCIS v1.2.0
17 error Windows_NT 10.0.14393
18 error argv "C:\\Program Files (x86)\\nodejs\\node.exe" "C:\\Program Files (x86)\\nodejs\\node_modules\\npm\\bin\\npm-cli.js" "run" "web-nano"
19 error node v6.10.0
20 error npm  v3.10.10
21 error code ELIFECYCLE
22 error pcis@0.0.1 web-nano: `webpack-dev-server --config ui/webpack/webpack.config.nano.js`
22 error Exit status 3221225786
23 error Failed at the pcis@0.0.1 web-nano script 'webpack-dev-server --config ui/webpack/webpack.config.nano.js'.
23 error Make sure you have the latest version of node.js and npm installed.
23 error If you do, this is most likely a problem with the pcis package,
23 error not with npm itself.
23 error Tell the author that this fails on your system:
23 error     webpack-dev-server --config ui/webpack/webpack.config.nano.js
23 error You can get information on how to open an issue for this project with:
23 error     npm bugs pcis
23 error Or if that isn't available, you can get their info via:
23 error     npm owner ls pcis
23 error There is likely additional logging output above.
24 verbose exit [ 1, true ]
